#
# There is insufficient memory for the Java Runtime Environment to continue.
# Native memory allocation (mmap) failed to map 2097152 bytes for G1 virtual space
# Possible reasons:
#   The system is out of physical RAM or swap space
#   The process is running with CompressedOops enabled, and the Java Heap may be blocking the growth of the native heap
# Possible solutions:
#   Reduce memory load on the system
#   Increase physical memory or swap space
#   Check if swap backing store is full
#   Decrease Java heap size (-Xmx/-Xms)
#   Decrease number of Java threads
#   Decrease Java thread stack sizes (-Xss)
#   Set larger code cache with -XX:ReservedCodeCacheSize=
#   JVM is running with Unscaled Compressed Oops mode in which the Java heap is
#     placed in the first 4GB address space. The Java Heap base address is the
#     maximum limit for the native heap growth. Please use -XX:HeapBaseMinAddress
#     to set the Java Heap base and to place the Java Heap above 4GB virtual address.
# This output file may be truncated or incomplete.
#
#  Out of Memory Error (os_windows.cpp:3530), pid=12364, tid=8400
#
# JRE version:  (18.0.2.1+1) (build )
# Java VM: Java HotSpot(TM) 64-Bit Server VM (18.0.2.1+1-1, mixed mode, sharing, tiered, compressed oops, compressed class ptrs, g1 gc, windows-amd64)
# No core dump will be written. Minidumps are not enabled by default on client versions of Windows
#

---------------  S U M M A R Y ------------

Command Line: C:\Users\luiss\AppData\Local\Temp\surefire14683380491831469336\surefirebooter932233772102473879.jar C:\Users\luiss\AppData\Local\Temp\surefire14683380491831469336 2024-07-07T12-26-56_763-jvmRun1 surefire13829302155008488584tmp surefire_04060180699763599639tmp

Host: Intel(R) Core(TM) i5-7200U CPU @ 2.50GHz, 4 cores, 7G,  Windows 10 , 64 bit Build 19041 (10.0.19041.3636)
Time: Sun Jul  7 12:26:58 2024 Hora estándar de Argentina elapsed time: 0.233837 seconds (0d 0h 0m 0s)

---------------  T H R E A D  ---------------

Current thread (0x000001cd56b88900):  JavaThread "Unknown thread" [_thread_in_vm, id=8400, stack(0x000000bbaae00000,0x000000bbaaf00000)]

Stack: [0x000000bbaae00000,0x000000bbaaf00000]
Native frames: (J=compiled Java code, j=interpreted, Vv=VM code, C=native code)
V  [jvm.dll+0x6993aa]
V  [jvm.dll+0x7f46dd]
V  [jvm.dll+0x7f5fee]
V  [jvm.dll+0x7f66a3]
V  [jvm.dll+0x25cf1f]
V  [jvm.dll+0x6962f9]
V  [jvm.dll+0x68ae2a]
V  [jvm.dll+0x32255b]
V  [jvm.dll+0x329f36]
V  [jvm.dll+0x37eaf3]
V  [jvm.dll+0x37ed0f]
V  [jvm.dll+0x2fa2da]
V  [jvm.dll+0x2fb33d]
V  [jvm.dll+0x7c3310]
V  [jvm.dll+0x38be61]
V  [jvm.dll+0x7a2023]
V  [jvm.dll+0x40dc3f]
V  [jvm.dll+0x40f611]
C  [jli.dll+0x526b]
C  [ucrtbase.dll+0x21bb2]
C  [KERNEL32.DLL+0x17344]
C  [ntdll.dll+0x4cc91]


---------------  P R O C E S S  ---------------

Threads class SMR info:
_java_thread_list=0x00007ffc2a85e550, length=0, elements={
}

Java Threads: ( => current thread )

Other Threads:
  0x000001cd56be89c0 WorkerThread "GC Thread#0" [stack: 0x000000bbaaf00000,0x000000bbab000000] [id=23800]
  0x000001cd56bfa690 ConcurrentGCThread "G1 Main Marker" [stack: 0x000000bbab000000,0x000000bbab100000] [id=26104]
  0x000001cd56bfb080 WorkerThread "G1 Conc#0" [stack: 0x000000bbab100000,0x000000bbab200000] [id=24564]

[error occurred during error reporting (printing all threads), id 0xc0000005, EXCEPTION_ACCESS_VIOLATION (0xc0000005) at pc=0x00007ffc2a08a877]

VM state: not at safepoint (not fully initialized)

VM Mutex/Monitor currently owned by a thread:  ([mutex/lock_event])
[0x000001cd56b84f30] Heap_lock - owner thread: 0x000001cd56b88900

Heap address: 0x0000000081400000, size: 2028 MB, Compressed Oops mode: 32-bit

CDS archive(s) mapped at: [0x0000000000000000-0x0000000000000000-0x0000000000000000), size 0, SharedBaseAddress: 0x0000000800000000, ArchiveRelocationMode: 0.
Narrow klass base: 0x0000000000000000, Narrow klass shift: 0, Narrow klass range: 0x0

GC Precious Log:
 CardTable entry size: 512
 Card Set container configuration: InlinePtr #cards 5 size 8 Array Of Cards #cards 12 size 40 Howl #buckets 4 coarsen threshold 1843 Howl Bitmap #cards 512 size 80 coarsen threshold 460 Card regions per heap region 1 cards per card region 2048

Heap:
 garbage-first heap   total 0K, used 0K [0x0000000081400000, 0x0000000100000000)
  region size 1024K, 0 young (0K), 0 survivors (0K)

[error occurred during error reporting (printing heap information), id 0xc0000005, EXCEPTION_ACCESS_VIOLATION (0xc0000005) at pc=0x00007ffc2a471839]

GC Heap History (0 events):
No events

Deoptimization events (0 events):
No events

Classes loaded (0 events):
No events

Classes unloaded (0 events):
No events

Classes redefined (0 events):
No events

Internal exceptions (0 events):
No events

VM Operations (0 events):
No events

Events (1 events):
Event: 0.220 Loaded shared library C:\Program Files\Java\jdk-18.0.2.1\bin\java.dll


Dynamic libraries:
0x00007ff7050c0000 - 0x00007ff7050d0000 	C:\Program Files\Java\jdk-18.0.2.1\bin\java.exe
0x00007ffca5eb0000 - 0x00007ffca60a8000 	C:\Windows\SYSTEM32\ntdll.dll
0x00007ffca51d0000 - 0x00007ffca528d000 	C:\Windows\System32\KERNEL32.DLL
0x00007ffca3670000 - 0x00007ffca3966000 	C:\Windows\System32\KERNELBASE.dll
0x00007ffca3df0000 - 0x00007ffca3ef0000 	C:\Windows\System32\ucrtbase.dll
0x00007ffc9be40000 - 0x00007ffc9be5a000 	C:\Program Files\Java\jdk-18.0.2.1\bin\VCRUNTIME140.dll
0x00007ffc9b1a0000 - 0x00007ffc9b1b8000 	C:\Program Files\Java\jdk-18.0.2.1\bin\jli.dll
0x00007ffca4960000 - 0x00007ffca4a10000 	C:\Windows\System32\ADVAPI32.dll
0x00007ffca46d0000 - 0x00007ffca476e000 	C:\Windows\System32\msvcrt.dll
0x00007ffca5bc0000 - 0x00007ffca5c60000 	C:\Windows\System32\sechost.dll
0x00007ffca4360000 - 0x00007ffca4483000 	C:\Windows\System32\RPCRT4.dll
0x00007ffca3570000 - 0x00007ffca3597000 	C:\Windows\System32\bcrypt.dll
0x00007ffca5cc0000 - 0x00007ffca5e5f000 	C:\Windows\System32\USER32.dll
0x00007ffca3640000 - 0x00007ffca3662000 	C:\Windows\System32\win32u.dll
0x00007ffca4a10000 - 0x00007ffca4a3b000 	C:\Windows\System32\GDI32.dll
0x00007ffca3cd0000 - 0x00007ffca3de7000 	C:\Windows\System32\gdi32full.dll
0x00007ffca35a0000 - 0x00007ffca363d000 	C:\Windows\System32\msvcp_win.dll
0x00007ffc89040000 - 0x00007ffc892da000 	C:\Windows\WinSxS\amd64_microsoft.windows.common-controls_6595b64144ccf1df_6.0.19041.4355_none_60b8b9eb71f62e16\COMCTL32.dll
0x00007ffc9e950000 - 0x00007ffc9e95a000 	C:\Windows\SYSTEM32\VERSION.dll
0x00007ffca4a40000 - 0x00007ffca4a6f000 	C:\Windows\System32\IMM32.DLL
0x00007ffc9f0f0000 - 0x00007ffc9f0fc000 	C:\Program Files\Java\jdk-18.0.2.1\bin\vcruntime140_1.dll
0x00007ffc727f0000 - 0x00007ffc7287d000 	C:\Program Files\Java\jdk-18.0.2.1\bin\msvcp140.dll
0x00007ffc29d80000 - 0x00007ffc2a991000 	C:\Program Files\Java\jdk-18.0.2.1\bin\server\jvm.dll
0x00007ffca5a00000 - 0x00007ffca5a08000 	C:\Windows\System32\PSAPI.DLL
0x00007ffc8eba0000 - 0x00007ffc8eba9000 	C:\Windows\SYSTEM32\WSOCK32.dll
0x00007ffca5160000 - 0x00007ffca51cb000 	C:\Windows\System32\WS2_32.dll
0x00007ffc8ec80000 - 0x00007ffc8eca7000 	C:\Windows\SYSTEM32\WINMM.dll
0x00007ffca1dd0000 - 0x00007ffca1de2000 	C:\Windows\SYSTEM32\kernel.appcore.dll
0x00007ffc9f0b0000 - 0x00007ffc9f0ba000 	C:\Program Files\Java\jdk-18.0.2.1\bin\jimage.dll
0x00007ffca12f0000 - 0x00007ffca14d4000 	C:\Windows\SYSTEM32\DBGHELP.DLL
0x00007ffc9b000000 - 0x00007ffc9b034000 	C:\Windows\SYSTEM32\dbgcore.DLL
0x00007ffca3a20000 - 0x00007ffca3aa2000 	C:\Windows\System32\bcryptPrimitives.dll
0x00007ffc8ec20000 - 0x00007ffc8ec45000 	C:\Program Files\Java\jdk-18.0.2.1\bin\java.dll

dbghelp: loaded successfully - version: 4.0.5 - missing functions: none
symbol engine: initialized successfully - sym options: 0x614 - pdb path: .;C:\Program Files\Java\jdk-18.0.2.1\bin;C:\Windows\SYSTEM32;C:\Windows\WinSxS\amd64_microsoft.windows.common-controls_6595b64144ccf1df_6.0.19041.4355_none_60b8b9eb71f62e16;C:\Program Files\Java\jdk-18.0.2.1\bin\server

VM Arguments:
java_command: C:\Users\luiss\AppData\Local\Temp\surefire14683380491831469336\surefirebooter932233772102473879.jar C:\Users\luiss\AppData\Local\Temp\surefire14683380491831469336 2024-07-07T12-26-56_763-jvmRun1 surefire13829302155008488584tmp surefire_04060180699763599639tmp
java_class_path (initial): C:\Users\luiss\AppData\Local\Temp\surefire14683380491831469336\surefirebooter932233772102473879.jar
Launcher Type: SUN_STANDARD

[Global flags]
     intx CICompilerCount                          = 3                                         {product} {ergonomic}
     uint ConcGCThreads                            = 1                                         {product} {ergonomic}
     uint G1ConcRefinementThreads                  = 4                                         {product} {ergonomic}
   size_t G1HeapRegionSize                         = 1048576                                   {product} {ergonomic}
    uintx GCDrainStackTargetSize                   = 64                                        {product} {ergonomic}
   size_t InitialHeapSize                          = 134217728                                 {product} {ergonomic}
   size_t MarkStackSize                            = 4194304                                   {product} {ergonomic}
   size_t MaxHeapSize                              = 2126512128                                {product} {ergonomic}
   size_t MinHeapDeltaBytes                        = 1048576                                   {product} {ergonomic}
   size_t MinHeapSize                              = 8388608                                   {product} {ergonomic}
    uintx NonNMethodCodeHeapSize                   = 5832780                                {pd product} {ergonomic}
    uintx NonProfiledCodeHeapSize                  = 122912730                              {pd product} {ergonomic}
    uintx ProfiledCodeHeapSize                     = 122912730                              {pd product} {ergonomic}
    uintx ReservedCodeCacheSize                    = 251658240                              {pd product} {ergonomic}
     bool SegmentedCodeCache                       = true                                      {product} {ergonomic}
   size_t SoftMaxHeapSize                          = 2126512128                             {manageable} {ergonomic}
     bool UseCompressedClassPointers               = true                           {product lp64_product} {ergonomic}
     bool UseCompressedOops                        = true                           {product lp64_product} {ergonomic}
     bool UseG1GC                                  = true                                      {product} {ergonomic}
     bool UseLargePagesIndividualAllocation        = false                                  {pd product} {ergonomic}

Logging:
Log output configuration:
 #0: stdout all=warning uptime,level,tags foldmultilines=false
 #1: stderr all=off uptime,level,tags foldmultilines=false

Environment Variables:
JAVA_HOME=C:\Program Files\Java\jdk-18.0.2.1
CLASSPATH=C:\java-cup-bin-11b-20160615\java-cup-11b-runtime.jar;C:\java-cup-bin-11b-20160615\java-cup-11b.jar
PATH=C:\Program Files\Common Files\Oracle\Java\javapath;C:\Program Files\Java\jdk1.8.0_321\bin;C:\Program Files (x86)\Common Files\Oracle\Java\javapath;C:\Program Files (x86)\VMware\VMware Player\bin\;C:\Program Files (x86)\NVIDIA Corporation\PhysX\Common;C:\Windows\system32;C:\Windows;C:\Windows\System32\Wbem;C:\Windows\System32\WindowsPowerShell\v1.0\;C:\Windows\System32\OpenSSH\;C:\Program Files\Microsoft SQL Server\120\Tools\Binn\;C:\Program Files\Microsoft SQL Server\Client SDK\ODBC\110\Tools\Binn\;C:\Program Files (x86)\Microsoft SQL Server\120\Tools\Binn\;C:\Program Files\Microsoft SQL Server\120\DTS\Binn\;C:\Users\luiss\Downloads\apache-maven-3.8.6-bin\apache-maven-3.8.6\bin;C:\Program Files\Microsoft SQL Server\Client SDK\ODBC\170\Tools\Binn\;C:\Program Files (x86)\Microsoft SQL Server\150\Tools\Binn\;C:\Program Files\Microsoft SQL Server\150\Tools\Binn\;C:\Program Files\Microsoft SQL Server\150\DTS\Binn\;C:\Program Files\Microsoft SQL Server\140\Tools\Binn\;C:\Program Files (x86)\Microsoft SQL Server\160\Tools\Binn\;C:\Program Files\Microsoft SQL Server\160\Tools\Binn\;C:\Program Files\Microsoft SQL Server\160\DTS\Binn\;C:\Program Files (x86)\Microsoft SQL Server\160\DTS\Binn\;C:\Program Files\Azure Data Studio\bin;C:\Program Files\nodejs\;C:\Program Files\Git\cmd;C:\MinGW\bin;C:\Program Files (x86)\GnuWin32\bin;C:\jflex-1.9.1\bin;C:\Users\luiss\AppData\Local\Microsoft\WindowsApps;C:\Users\luiss\AppData\Local\GitHubDesktop\bin;C:\Users\luiss\AppData\Local\atom\bin;C:\Program Files\Azure Data Studio\bin;C:\Users\luiss\AppData\Local\Programs\Microsoft VS Code\bin;C:\Users\luiss\AppData\Roaming\npm
USERNAME=luiss
LANG=en_US.UTF-8
OS=Windows_NT
PROCESSOR_IDENTIFIER=Intel64 Family 6 Model 142 Stepping 9, GenuineIntel



---------------  S Y S T E M  ---------------

OS:
 Windows 10 , 64 bit Build 19041 (10.0.19041.3636)
OS uptime: 21 days 12:55 hours

CPU: total 4 (initial active 4) (2 cores per cpu, 2 threads per core) family 6 model 142 stepping 9 microcode 0xb4, cx8, cmov, fxsr, ht, mmx, 3dnowpref, sse, sse2, sse3, ssse3, sse4.1, sse4.2, popcnt, lzcnt, tsc, tscinvbit, avx, avx2, aes, erms, clmul, bmi1, bmi2, adx, fma, vzeroupper, clflush, clflushopt

Memory: 4k page, system-wide physical 8105M (660M free)
TotalPageFile size 32681M (AvailPageFile size 13M)
current process WorkingSet (physical memory assigned to process): 10M, peak: 10M
current process commit charge ("private bytes"): 180M, peak: 182M

vm_info: Java HotSpot(TM) 64-Bit Server VM (18.0.2.1+1-1) for windows-amd64 JRE (18.0.2.1+1-1), built on Aug 16 2022 01:46:33 by "mach5one" with MS VC++ 16.8 / 16.9 (VS2019)

END.
